<?xml version="1.0" encoding="UTF-8"?>
<!-- Generated by org.testng.reporters.JUnitReportReporter -->
<testsuite hostname="DESKTOP-O0KNMKC" failures="0" tests="1" name="com.actitime.testscripts.CreateCustomerModule" time="0.015" errors="0" timestamp="2022-02-06T11:43:57 IST" skipped="0">
  <testcase classname="com.actitime.testscripts.CreateCustomerModule" name="testCreateCustomer" time="0.015"/>
  <system-out>
    <![CDATA[Hi]]>
  </system-out>
</testsuite> <!-- com.actitime.testscripts.CreateCustomerModule -->
